[2016-10-30 23:52:41] production.ERROR: exception 'RuntimeException' with message 'No supported encrypter found. The cipher and / or key length are invalid.' in G:\Work\web\Xampp\htdocs\gmailtest\bootstrap\cache\compiled.php:7771
Stack trace:
#0 G:\Work\web\Xampp\htdocs\gmailtest\bootstrap\cache\compiled.php(7761): Illuminate\Encryption\EncryptionServiceProvider->getEncrypterForKeyAndCipher(NULL, 'AES-256-CBC')
#1 G:\Work\web\Xampp\htdocs\gmailtest\bootstrap\cache\compiled.php(1353): Illuminate\Encryption\EncryptionServiceProvider->Illuminate\Encryption\{closure}(Object(Illuminate\Foundation\Application), Array)
#2 G:\Work\web\Xampp\htdocs\gmailtest\bootstrap\cache\compiled.php(1309): Illuminate\Container\Container->build(Object(Closure), Array)
#3 G:\Work\web\Xampp\htdocs\gmailtest\bootstrap\cache\compiled.php(1874): Illuminate\Container\Container->make('encrypter', Array)
#4 G:\Work\web\Xampp\htdocs\gmailtest\bootstrap\cache\compiled.php(1410): Illuminate\Foundation\Application->make('Illuminate\\Cont...')
#5 G:\Work\web\Xampp\htdocs\gmailtest\bootstrap\cache\compiled.php(1387): Illuminate\Container\Container->resolveClass(Object(ReflectionParameter))
#6 G:\Work\web\Xampp\htdocs\gmailtest\bootstrap\cache\compiled.php(1373): Illuminate\Container\Container->getDependencies(Array, Array)
#7 G:\Work\web\Xampp\htdocs\gmailtest\bootstrap\cache\compiled.php(1309): Illuminate\Container\Container->build('App\\Http\\Middle...', Array)
#8 G:\Work\web\Xampp\htdocs\gmailtest\bootstrap\cache\compiled.php(1874): Illuminate\Container\Container->make('App\\Http\\Middle...', Array)
#9 G:\Work\web\Xampp\htdocs\gmailtest\bootstrap\cache\compiled.php(9958): Illuminate\Foundation\Application->make('App\\Http\\Middle...')
#10 [internal function]: Illuminate\Pipeline\Pipeline->Illuminate\Pipeline\{closure}(Object(Illuminate\Http\Request))
#11 G:\Work\web\Xampp\htdocs\gmailtest\vendor\laravel\framework\src\Illuminate\Routing\Pipeline.php(32): call_user_func(Object(Closure), Object(Illuminate\Http\Request))
#12 [internal function]: Illuminate\Routing\Pipeline->Illuminate\Routing\{closure}(Object(Illuminate\Http\Request))
#13 G:\Work\web\Xampp\htdocs\gmailtest\bootstrap\cache\compiled.php(9948): call_user_func(Object(Closure), Object(Illuminate\Http\Request))
#14 G:\Work\web\Xampp\htdocs\gmailtest\bootstrap\cache\compiled.php(8226): Illuminate\Pipeline\Pipeline->then(Object(Closure))
#15 G:\Work\web\Xampp\htdocs\gmailtest\bootstrap\cache\compiled.php(8217): Illuminate\Routing\Router->runRouteWithinStack(Object(Illuminate\Routing\Route), Object(Illuminate\Http\Request))
#16 G:\Work\web\Xampp\htdocs\gmailtest\bootstrap\cache\compiled.php(8207): Illuminate\Routing\Router->dispatchToRoute(Object(Illuminate\Http\Request))
#17 G:\Work\web\Xampp\htdocs\gmailtest\bootstrap\cache\compiled.php(2419): Illuminate\Routing\Router->dispatch(Object(Illuminate\Http\Request))
#18 [internal function]: Illuminate\Foundation\Http\Kernel->Illuminate\Foundation\Http\{closure}(Object(Illuminate\Http\Request))
#19 G:\Work\web\Xampp\htdocs\gmailtest\vendor\laravel\framework\src\Illuminate\Routing\Pipeline.php(52): call_user_func(Object(Closure), Object(Illuminate\Http\Request))
#20 G:\Work\web\Xampp\htdocs\gmailtest\bootstrap\cache\compiled.php(3286): Illuminate\Routing\Pipeline->Illuminate\Routing\{closure}(Object(Illuminate\Http\Request))
#21 [internal function]: Illuminate\Foundation\Http\Middleware\CheckForMaintenanceMode->handle(Object(Illuminate\Http\Request), Object(Closure))
#22 G:\Work\web\Xampp\htdocs\gmailtest\bootstrap\cache\compiled.php(9963): call_user_func_array(Array, Array)
#23 [internal function]: Illuminate\Pipeline\Pipeline->Illuminate\Pipeline\{closure}(Object(Illuminate\Http\Request))
#24 G:\Work\web\Xampp\htdocs\gmailtest\vendor\laravel\framework\src\Illuminate\Routing\Pipeline.php(32): call_user_func(Object(Closure), Object(Illuminate\Http\Request))
#25 [internal function]: Illuminate\Routing\Pipeline->Illuminate\Routing\{closure}(Object(Illuminate\Http\Request))
#26 G:\Work\web\Xampp\htdocs\gmailtest\bootstrap\cache\compiled.php(9948): call_user_func(Object(Closure), Object(Illuminate\Http\Request))
#27 G:\Work\web\Xampp\htdocs\gmailtest\bootstrap\cache\compiled.php(2366): Illuminate\Pipeline\Pipeline->then(Object(Closure))
#28 G:\Work\web\Xampp\htdocs\gmailtest\bootstrap\cache\compiled.php(2350): Illuminate\Foundation\Http\Kernel->sendRequestThroughRouter(Object(Illuminate\Http\Request))
#29 G:\Work\web\Xampp\htdocs\gmailtest\public\index.php(54): Illuminate\Foundation\Http\Kernel->handle(Object(Illuminate\Http\Request))
#30 G:\Work\web\Xampp\htdocs\gmailtest\server.php(21): require_once('G:\\Work\\web\\Xam...')
#31 {main}  
[2016-10-30 23:52:41] production.ERROR: exception 'RuntimeException' with message 'No supported encrypter found. The cipher and / or key length are invalid.' in G:\Work\web\Xampp\htdocs\gmailtest\bootstrap\cache\compiled.php:7771
Stack trace:
#0 G:\Work\web\Xampp\htdocs\gmailtest\bootstrap\cache\compiled.php(7761): Illuminate\Encryption\EncryptionServiceProvider->getEncrypterForKeyAndCipher(NULL, 'AES-256-CBC')
#1 G:\Work\web\Xampp\htdocs\gmailtest\bootstrap\cache\compiled.php(1353): Illuminate\Encryption\EncryptionServiceProvider->Illuminate\Encryption\{closure}(Object(Illuminate\Foundation\Application), Array)
#2 G:\Work\web\Xampp\htdocs\gmailtest\bootstrap\cache\compiled.php(1309): Illuminate\Container\Container->build(Object(Closure), Array)
#3 G:\Work\web\Xampp\htdocs\gmailtest\bootstrap\cache\compiled.php(1874): Illuminate\Container\Container->make('encrypter', Array)
#4 G:\Work\web\Xampp\htdocs\gmailtest\bootstrap\cache\compiled.php(1410): Illuminate\Foundation\Application->make('Illuminate\\Cont...')
#5 G:\Work\web\Xampp\htdocs\gmailtest\bootstrap\cache\compiled.php(1387): Illuminate\Container\Container->resolveClass(Object(ReflectionParameter))
#6 G:\Work\web\Xampp\htdocs\gmailtest\bootstrap\cache\compiled.php(1373): Illuminate\Container\Container->getDependencies(Array, Array)
#7 G:\Work\web\Xampp\htdocs\gmailtest\bootstrap\cache\compiled.php(1309): Illuminate\Container\Container->build('App\\Http\\Middle...', Array)
#8 G:\Work\web\Xampp\htdocs\gmailtest\bootstrap\cache\compiled.php(1874): Illuminate\Container\Container->make('App\\Http\\Middle...', Array)
#9 G:\Work\web\Xampp\htdocs\gmailtest\bootstrap\cache\compiled.php(2373): Illuminate\Foundation\Application->make('App\\Http\\Middle...')
#10 G:\Work\web\Xampp\htdocs\gmailtest\public\index.php(58): Illuminate\Foundation\Http\Kernel->terminate(Object(Illuminate\Http\Request), Object(Illuminate\Http\Response))
#11 G:\Work\web\Xampp\htdocs\gmailtest\server.php(21): require_once('G:\\Work\\web\\Xam...')
#12 {main}  
[2016-10-30 23:52:46] production.ERROR: exception 'RuntimeException' with message 'No supported encrypter found. The cipher and / or key length are invalid.' in G:\Work\web\Xampp\htdocs\gmailtest\bootstrap\cache\compiled.php:7771
Stack trace:
#0 G:\Work\web\Xampp\htdocs\gmailtest\bootstrap\cache\compiled.php(7761): Illuminate\Encryption\EncryptionServiceProvider->getEncrypterForKeyAndCipher(NULL, 'AES-256-CBC')
#1 G:\Work\web\Xampp\htdocs\gmailtest\bootstrap\cache\compiled.php(1353): Illuminate\Encryption\EncryptionServiceProvider->Illuminate\Encryption\{closure}(Object(Illuminate\Foundation\Application), Array)
#2 G:\Work\web\Xampp\htdocs\gmailtest\bootstrap\cache\compiled.php(1309): Illuminate\Container\Container->build(Object(Closure), Array)
#3 G:\Work\web\Xampp\htdocs\gmailtest\bootstrap\cache\compiled.php(1874): Illuminate\Container\Container->make('encrypter', Array)
#4 G:\Work\web\Xampp\htdocs\gmailtest\bootstrap\cache\compiled.php(1410): Illuminate\Foundation\Application->make('Illuminate\\Cont...')
#5 G:\Work\web\Xampp\htdocs\gmailtest\bootstrap\cache\compiled.php(1387): Illuminate\Container\Container->resolveClass(Object(ReflectionParameter))
#6 G:\Work\web\Xampp\htdocs\gmailtest\bootstrap\cache\compiled.php(1373): Illuminate\Container\Container->getDependencies(Array, Array)
#7 G:\Work\web\Xampp\htdocs\gmailtest\bootstrap\cache\compiled.php(1309): Illuminate\Container\Container->build('App\\Http\\Middle...', Array)
#8 G:\Work\web\Xampp\htdocs\gmailtest\bootstrap\cache\compiled.php(1874): Illuminate\Container\Container->make('App\\Http\\Middle...', Array)
#9 G:\Work\web\Xampp\htdocs\gmailtest\bootstrap\cache\compiled.php(9958): Illuminate\Foundation\Application->make('App\\Http\\Middle...')
#10 [internal function]: Illuminate\Pipeline\Pipeline->Illuminate\Pipeline\{closure}(Object(Illuminate\Http\Request))
#11 G:\Work\web\Xampp\htdocs\gmailtest\vendor\laravel\framework\src\Illuminate\Routing\Pipeline.php(32): call_user_func(Object(Closure), Object(Illuminate\Http\Request))
#12 [internal function]: Illuminate\Routing\Pipeline->Illuminate\Routing\{closure}(Object(Illuminate\Http\Request))
#13 G:\Work\web\Xampp\htdocs\gmailtest\bootstrap\cache\compiled.php(9948): call_user_func(Object(Closure), Object(Illuminate\Http\Request))
#14 G:\Work\web\Xampp\htdocs\gmailtest\bootstrap\cache\compiled.php(8226): Illuminate\Pipeline\Pipeline->then(Object(Closure))
#15 G:\Work\web\Xampp\htdocs\gmailtest\bootstrap\cache\compiled.php(8217): Illuminate\Routing\Router->runRouteWithinStack(Object(Illuminate\Routing\Route), Object(Illuminate\Http\Request))
#16 G:\Work\web\Xampp\htdocs\gmailtest\bootstrap\cache\compiled.php(8207): Illuminate\Routing\Router->dispatchToRoute(Object(Illuminate\Http\Request))
#17 G:\Work\web\Xampp\htdocs\gmailtest\bootstrap\cache\compiled.php(2419): Illuminate\Routing\Router->dispatch(Object(Illuminate\Http\Request))
#18 [internal function]: Illuminate\Foundation\Http\Kernel->Illuminate\Foundation\Http\{closure}(Object(Illuminate\Http\Request))
#19 G:\Work\web\Xampp\htdocs\gmailtest\vendor\laravel\framework\src\Illuminate\Routing\Pipeline.php(52): call_user_func(Object(Closure), Object(Illuminate\Http\Request))
#20 G:\Work\web\Xampp\htdocs\gmailtest\bootstrap\cache\compiled.php(3286): Illuminate\Routing\Pipeline->Illuminate\Routing\{closure}(Object(Illuminate\Http\Request))
#21 [internal function]: Illuminate\Foundation\Http\Middleware\CheckForMaintenanceMode->handle(Object(Illuminate\Http\Request), Object(Closure))
#22 G:\Work\web\Xampp\htdocs\gmailtest\bootstrap\cache\compiled.php(9963): call_user_func_array(Array, Array)
#23 [internal function]: Illuminate\Pipeline\Pipeline->Illuminate\Pipeline\{closure}(Object(Illuminate\Http\Request))
#24 G:\Work\web\Xampp\htdocs\gmailtest\vendor\laravel\framework\src\Illuminate\Routing\Pipeline.php(32): call_user_func(Object(Closure), Object(Illuminate\Http\Request))
#25 [internal function]: Illuminate\Routing\Pipeline->Illuminate\Routing\{closure}(Object(Illuminate\Http\Request))
#26 G:\Work\web\Xampp\htdocs\gmailtest\bootstrap\cache\compiled.php(9948): call_user_func(Object(Closure), Object(Illuminate\Http\Request))
#27 G:\Work\web\Xampp\htdocs\gmailtest\bootstrap\cache\compiled.php(2366): Illuminate\Pipeline\Pipeline->then(Object(Closure))
#28 G:\Work\web\Xampp\htdocs\gmailtest\bootstrap\cache\compiled.php(2350): Illuminate\Foundation\Http\Kernel->sendRequestThroughRouter(Object(Illuminate\Http\Request))
#29 G:\Work\web\Xampp\htdocs\gmailtest\public\index.php(54): Illuminate\Foundation\Http\Kernel->handle(Object(Illuminate\Http\Request))
#30 G:\Work\web\Xampp\htdocs\gmailtest\server.php(21): require_once('G:\\Work\\web\\Xam...')
#31 {main}  
[2016-10-30 23:52:46] production.ERROR: exception 'RuntimeException' with message 'No supported encrypter found. The cipher and / or key length are invalid.' in G:\Work\web\Xampp\htdocs\gmailtest\bootstrap\cache\compiled.php:7771
Stack trace:
#0 G:\Work\web\Xampp\htdocs\gmailtest\bootstrap\cache\compiled.php(7761): Illuminate\Encryption\EncryptionServiceProvider->getEncrypterForKeyAndCipher(NULL, 'AES-256-CBC')
#1 G:\Work\web\Xampp\htdocs\gmailtest\bootstrap\cache\compiled.php(1353): Illuminate\Encryption\EncryptionServiceProvider->Illuminate\Encryption\{closure}(Object(Illuminate\Foundation\Application), Array)
#2 G:\Work\web\Xampp\htdocs\gmailtest\bootstrap\cache\compiled.php(1309): Illuminate\Container\Container->build(Object(Closure), Array)
#3 G:\Work\web\Xampp\htdocs\gmailtest\bootstrap\cache\compiled.php(1874): Illuminate\Container\Container->make('encrypter', Array)
#4 G:\Work\web\Xampp\htdocs\gmailtest\bootstrap\cache\compiled.php(1410): Illuminate\Foundation\Application->make('Illuminate\\Cont...')
#5 G:\Work\web\Xampp\htdocs\gmailtest\bootstrap\cache\compiled.php(1387): Illuminate\Container\Container->resolveClass(Object(ReflectionParameter))
#6 G:\Work\web\Xampp\htdocs\gmailtest\bootstrap\cache\compiled.php(1373): Illuminate\Container\Container->getDependencies(Array, Array)
#7 G:\Work\web\Xampp\htdocs\gmailtest\bootstrap\cache\compiled.php(1309): Illuminate\Container\Container->build('App\\Http\\Middle...', Array)
#8 G:\Work\web\Xampp\htdocs\gmailtest\bootstrap\cache\compiled.php(1874): Illuminate\Container\Container->make('App\\Http\\Middle...', Array)
#9 G:\Work\web\Xampp\htdocs\gmailtest\bootstrap\cache\compiled.php(2373): Illuminate\Foundation\Application->make('App\\Http\\Middle...')
#10 G:\Work\web\Xampp\htdocs\gmailtest\public\index.php(58): Illuminate\Foundation\Http\Kernel->terminate(Object(Illuminate\Http\Request), Object(Illuminate\Http\Response))
#11 G:\Work\web\Xampp\htdocs\gmailtest\server.php(21): require_once('G:\\Work\\web\\Xam...')
#12 {main}  
[2016-10-30 23:54:58] local.ERROR: exception 'InvalidArgumentException' with message 'Please provide a valid cache path.' in G:\Work\web\Xampp\htdocs\gmailtest\bootstrap\cache\compiled.php:15393
Stack trace:
#0 G:\Work\web\Xampp\htdocs\gmailtest\bootstrap\cache\compiled.php(7880): Illuminate\View\Compilers\Compiler->__construct(Object(Illuminate\Filesystem\Filesystem), false)
#1 G:\Work\web\Xampp\htdocs\gmailtest\bootstrap\cache\compiled.php(1353): Illuminate\View\ViewServiceProvider->Illuminate\View\{closure}(Object(Illuminate\Foundation\Application), Array)
#2 G:\Work\web\Xampp\htdocs\gmailtest\bootstrap\cache\compiled.php(1309): Illuminate\Container\Container->build(Object(Closure), Array)
#3 G:\Work\web\Xampp\htdocs\gmailtest\bootstrap\cache\compiled.php(1874): Illuminate\Container\Container->make('blade.compiler', Array)
#4 G:\Work\web\Xampp\htdocs\gmailtest\bootstrap\cache\compiled.php(1556): Illuminate\Foundation\Application->make('blade.compiler')
#5 G:\Work\web\Xampp\htdocs\gmailtest\bootstrap\cache\compiled.php(7883): Illuminate\Container\Container->offsetGet('blade.compiler')
#6 [internal function]: Illuminate\View\ViewServiceProvider->Illuminate\View\{closure}()
#7 G:\Work\web\Xampp\htdocs\gmailtest\bootstrap\cache\compiled.php(14393): call_user_func(Object(Closure))
#8 G:\Work\web\Xampp\htdocs\gmailtest\bootstrap\cache\compiled.php(14630): Illuminate\View\Engines\EngineResolver->resolve('blade')
#9 G:\Work\web\Xampp\htdocs\gmailtest\bootstrap\cache\compiled.php(14570): Illuminate\View\Factory->getEngineFromPath('G:\\Work\\web\\Xam...')
#10 G:\Work\web\Xampp\htdocs\gmailtest\vendor\laravel\framework\src\Illuminate\Foundation\helpers.php(779): Illuminate\View\Factory->make('auth.login', Array, Array)
#11 G:\Work\web\Xampp\htdocs\gmailtest\bootstrap\cache\compiled.php(2462): view('auth.login')
#12 [internal function]: App\Http\Controllers\Auth\AuthController->showLoginForm()
#13 G:\Work\web\Xampp\htdocs\gmailtest\bootstrap\cache\compiled.php(9424): call_user_func_array(Array, Array)
#14 G:\Work\web\Xampp\htdocs\gmailtest\bootstrap\cache\compiled.php(9486): Illuminate\Routing\Controller->callAction('showLoginForm', Array)
#15 G:\Work\web\Xampp\htdocs\gmailtest\bootstrap\cache\compiled.php(9466): Illuminate\Routing\ControllerDispatcher->call(Object(App\Http\Controllers\Auth\AuthController), Object(Illuminate\Routing\Route), 'showLoginForm')
#16 [internal function]: Illuminate\Routing\ControllerDispatcher->Illuminate\Routing\{closure}(Object(Illuminate\Http\Request))
#17 G:\Work\web\Xampp\htdocs\gmailtest\vendor\laravel\framework\src\Illuminate\Routing\Pipeline.php(52): call_user_func(Object(Closure), Object(Illuminate\Http\Request))
#18 G:\Work\web\Xampp\htdocs\gmailtest\app\Http\Middleware\RedirectIfAuthenticated.php(24): Illuminate\Routing\Pipeline->Illuminate\Routing\{closure}(Object(Illuminate\Http\Request))
#19 [internal function]: App\Http\Middleware\RedirectIfAuthenticated->handle(Object(Illuminate\Http\Request), Object(Closure))
#20 G:\Work\web\Xampp\htdocs\gmailtest\bootstrap\cache\compiled.php(9963): call_user_func_array(Array, Array)
#21 [internal function]: Illuminate\Pipeline\Pipeline->Illuminate\Pipeline\{closure}(Object(Illuminate\Http\Request))
#22 G:\Work\web\Xampp\htdocs\gmailtest\vendor\laravel\framework\src\Illuminate\Routing\Pipeline.php(32): call_user_func(Object(Closure), Object(Illuminate\Http\Request))
#23 [internal function]: Illuminate\Routing\Pipeline->Illuminate\Routing\{closure}(Object(Illuminate\Http\Request))
#24 G:\Work\web\Xampp\htdocs\gmailtest\bootstrap\cache\compiled.php(9948): call_user_func(Object(Closure), Object(Illuminate\Http\Request))
#25 G:\Work\web\Xampp\htdocs\gmailtest\bootstrap\cache\compiled.php(9467): Illuminate\Pipeline\Pipeline->then(Object(Closure))
#26 G:\Work\web\Xampp\htdocs\gmailtest\bootstrap\cache\compiled.php(9454): Illuminate\Routing\ControllerDispatcher->callWithinStack(Object(App\Http\Controllers\Auth\AuthController), Object(Illuminate\Routing\Route), Object(Illuminate\Http\Request), 'showLoginForm')
#27 G:\Work\web\Xampp\htdocs\gmailtest\bootstrap\cache\compiled.php(8524): Illuminate\Routing\ControllerDispatcher->dispatch(Object(Illuminate\Routing\Route), Object(Illuminate\Http\Request), 'App\\Http\\Contro...', 'showLoginForm')
#28 G:\Work\web\Xampp\htdocs\gmailtest\bootstrap\cache\compiled.php(8511): Illuminate\Routing\Route->runController(Object(Illuminate\Http\Request))
#29 G:\Work\web\Xampp\htdocs\gmailtest\bootstrap\cache\compiled.php(8225): Illuminate\Routing\Route->run(Object(Illuminate\Http\Request))
#30 [internal function]: Illuminate\Routing\Router->Illuminate\Routing\{closure}(Object(Illuminate\Http\Request))
#31 G:\Work\web\Xampp\htdocs\gmailtest\vendor\laravel\framework\src\Illuminate\Routing\Pipeline.php(52): call_user_func(Object(Closure), Object(Illuminate\Http\Request))
#32 G:\Work\web\Xampp\htdocs\gmailtest\bootstrap\cache\compiled.php(3225): Illuminate\Routing\Pipeline->Illuminate\Routing\{closure}(Object(Illuminate\Http\Request))
#33 [internal function]: Illuminate\Foundation\Http\Middleware\VerifyCsrfToken->handle(Object(Illuminate\Http\Request), Object(Closure))
#34 G:\Work\web\Xampp\htdocs\gmailtest\bootstrap\cache\compiled.php(9963): call_user_func_array(Array, Array)
#35 [internal function]: Illuminate\Pipeline\Pipeline->Illuminate\Pipeline\{closure}(Object(Illuminate\Http\Request))
#36 G:\Work\web\Xampp\htdocs\gmailtest\vendor\laravel\framework\src\Illuminate\Routing\Pipeline.php(32): call_user_func(Object(Closure), Object(Illuminate\Http\Request))
#37 G:\Work\web\Xampp\htdocs\gmailtest\bootstrap\cache\compiled.php(13474): Illuminate\Routing\Pipeline->Illuminate\Routing\{closure}(Object(Illuminate\Http\Request))
#38 [internal function]: Illuminate\View\Middleware\ShareErrorsFromSession->handle(Object(Illuminate\Http\Request), Object(Closure))
#39 G:\Work\web\Xampp\htdocs\gmailtest\bootstrap\cache\compiled.php(9963): call_user_func_array(Array, Array)
#40 [internal function]: Illuminate\Pipeline\Pipeline->Illuminate\Pipeline\{closure}(Object(Illuminate\Http\Request))
#41 G:\Work\web\Xampp\htdocs\gmailtest\vendor\laravel\framework\src\Illuminate\Routing\Pipeline.php(32): call_user_func(Object(Closure), Object(Illuminate\Http\Request))
#42 G:\Work\web\Xampp\htdocs\gmailtest\bootstrap\cache\compiled.php(11964): Illuminate\Routing\Pipeline->Illuminate\Routing\{closure}(Object(Illuminate\Http\Request))
#43 [internal function]: Illuminate\Session\Middleware\StartSession->handle(Object(Illuminate\Http\Request), Object(Closure))
#44 G:\Work\web\Xampp\htdocs\gmailtest\bootstrap\cache\compiled.php(9963): call_user_func_array(Array, Array)
#45 [internal function]: Illuminate\Pipeline\Pipeline->Illuminate\Pipeline\{closure}(Object(Illuminate\Http\Request))
#46 G:\Work\web\Xampp\htdocs\gmailtest\vendor\laravel\framework\src\Illuminate\Routing\Pipeline.php(32): call_user_func(Object(Closure), Object(Illuminate\Http\Request))
#47 G:\Work\web\Xampp\htdocs\gmailtest\bootstrap\cache\compiled.php(13213): Illuminate\Routing\Pipeline->Illuminate\Routing\{closure}(Object(Illuminate\Http\Request))
#48 [internal function]: Illuminate\Cookie\Middleware\AddQueuedCookiesToResponse->handle(Object(Illuminate\Http\Request), Object(Closure))
#49 G:\Work\web\Xampp\htdocs\gmailtest\bootstrap\cache\compiled.php(9963): call_user_func_array(Array, Array)
#50 [internal function]: Illuminate\Pipeline\Pipeline->Illuminate\Pipeline\{closure}(Object(Illuminate\Http\Request))
#51 G:\Work\web\Xampp\htdocs\gmailtest\vendor\laravel\framework\src\Illuminate\Routing\Pipeline.php(32): call_user_func(Object(Closure), Object(Illuminate\Http\Request))
#52 G:\Work\web\Xampp\htdocs\gmailtest\bootstrap\cache\compiled.php(13150): Illuminate\Routing\Pipeline->Illuminate\Routing\{closure}(Object(Illuminate\Http\Request))
#53 [internal function]: Illuminate\Cookie\Middleware\EncryptCookies->handle(Object(Illuminate\Http\Request), Object(Closure))
#54 G:\Work\web\Xampp\htdocs\gmailtest\bootstrap\cache\compiled.php(9963): call_user_func_array(Array, Array)
#55 [internal function]: Illuminate\Pipeline\Pipeline->Illuminate\Pipeline\{closure}(Object(Illuminate\Http\Request))
#56 G:\Work\web\Xampp\htdocs\gmailtest\vendor\laravel\framework\src\Illuminate\Routing\Pipeline.php(32): call_user_func(Object(Closure), Object(Illuminate\Http\Request))
#57 [internal function]: Illuminate\Routing\Pipeline->Illuminate\Routing\{closure}(Object(Illuminate\Http\Request))
#58 G:\Work\web\Xampp\htdocs\gmailtest\bootstrap\cache\compiled.php(9948): call_user_func(Object(Closure), Object(Illuminate\Http\Request))
#59 G:\Work\web\Xampp\htdocs\gmailtest\bootstrap\cache\compiled.php(8226): Illuminate\Pipeline\Pipeline->then(Object(Closure))
#60 G:\Work\web\Xampp\htdocs\gmailtest\bootstrap\cache\compiled.php(8217): Illuminate\Routing\Router->runRouteWithinStack(Object(Illuminate\Routing\Route), Object(Illuminate\Http\Request))
#61 G:\Work\web\Xampp\htdocs\gmailtest\bootstrap\cache\compiled.php(8207): Illuminate\Routing\Router->dispatchToRoute(Object(Illuminate\Http\Request))
#62 G:\Work\web\Xampp\htdocs\gmailtest\bootstrap\cache\compiled.php(2419): Illuminate\Routing\Router->dispatch(Object(Illuminate\Http\Request))
#63 [internal function]: Illuminate\Foundation\Http\Kernel->Illuminate\Foundation\Http\{closure}(Object(Illuminate\Http\Request))
#64 G:\Work\web\Xampp\htdocs\gmailtest\vendor\laravel\framework\src\Illuminate\Routing\Pipeline.php(52): call_user_func(Object(Closure), Object(Illuminate\Http\Request))
#65 G:\Work\web\Xampp\htdocs\gmailtest\bootstrap\cache\compiled.php(3286): Illuminate\Routing\Pipeline->Illuminate\Routing\{closure}(Object(Illuminate\Http\Request))
#66 [internal function]: Illuminate\Foundation\Http\Middleware\CheckForMaintenanceMode->handle(Object(Illuminate\Http\Request), Object(Closure))
#67 G:\Work\web\Xampp\htdocs\gmailtest\bootstrap\cache\compiled.php(9963): call_user_func_array(Array, Array)
#68 [internal function]: Illuminate\Pipeline\Pipeline->Illuminate\Pipeline\{closure}(Object(Illuminate\Http\Request))
#69 G:\Work\web\Xampp\htdocs\gmailtest\vendor\laravel\framework\src\Illuminate\Routing\Pipeline.php(32): call_user_func(Object(Closure), Object(Illuminate\Http\Request))
#70 [internal function]: Illuminate\Routing\Pipeline->Illuminate\Routing\{closure}(Object(Illuminate\Http\Request))
#71 G:\Work\web\Xampp\htdocs\gmailtest\bootstrap\cache\compiled.php(9948): call_user_func(Object(Closure), Object(Illuminate\Http\Request))
#72 G:\Work\web\Xampp\htdocs\gmailtest\bootstrap\cache\compiled.php(2366): Illuminate\Pipeline\Pipeline->then(Object(Closure))
#73 G:\Work\web\Xampp\htdocs\gmailtest\bootstrap\cache\compiled.php(2350): Illuminate\Foundation\Http\Kernel->sendRequestThroughRouter(Object(Illuminate\Http\Request))
#74 G:\Work\web\Xampp\htdocs\gmailtest\public\index.php(54): Illuminate\Foundation\Http\Kernel->handle(Object(Illuminate\Http\Request))
#75 G:\Work\web\Xampp\htdocs\gmailtest\server.php(21): require_once('G:\\Work\\web\\Xam...')
#76 {main}  
[2016-10-30 23:54:58] local.ERROR: exception 'ErrorException' with message 'file_put_contents(G:\Work\web\Xampp\htdocs\gmailtest\storage\framework/sessions/7e17a1a44297a0eaf28ca1a701cca2ab27688384): failed to open stream: No such file or directory' in G:\Work\web\Xampp\htdocs\gmailtest\bootstrap\cache\compiled.php:7364
Stack trace:
#0 [internal function]: Illuminate\Foundation\Bootstrap\HandleExceptions->handleError(2, 'file_put_conten...', 'G:\\Work\\web\\Xam...', 7364, Array)
#1 G:\Work\web\Xampp\htdocs\gmailtest\bootstrap\cache\compiled.php(7364): file_put_contents('G:\\Work\\web\\Xam...', 'a:4:{s:6:"_toke...', 2)
#2 G:\Work\web\Xampp\htdocs\gmailtest\vendor\laravel\framework\src\Illuminate\Session\FileSessionHandler.php(83): Illuminate\Filesystem\Filesystem->put('G:\\Work\\web\\Xam...', 'a:4:{s:6:"_toke...', true)
#3 G:\Work\web\Xampp\htdocs\gmailtest\bootstrap\cache\compiled.php(12153): Illuminate\Session\FileSessionHandler->write('7e17a1a44297a0e...', 'a:4:{s:6:"_toke...')
#4 G:\Work\web\Xampp\htdocs\gmailtest\bootstrap\cache\compiled.php(11974): Illuminate\Session\Store->save()
#5 G:\Work\web\Xampp\htdocs\gmailtest\bootstrap\cache\compiled.php(2375): Illuminate\Session\Middleware\StartSession->terminate(Object(Illuminate\Http\Request), Object(Illuminate\Http\Response))
#6 G:\Work\web\Xampp\htdocs\gmailtest\public\index.php(58): Illuminate\Foundation\Http\Kernel->terminate(Object(Illuminate\Http\Request), Object(Illuminate\Http\Response))
#7 G:\Work\web\Xampp\htdocs\gmailtest\server.php(21): require_once('G:\\Work\\web\\Xam...')
#8 {main}  
[2016-10-30 23:57:15] local.ERROR: exception 'InvalidArgumentException' with message 'The "G:\Work\web\Xampp\htdocs\gmailtest\storage\framework/sessions" directory does not exist.' in G:\Work\web\Xampp\htdocs\gmailtest\bootstrap\cache\compiled.php:17154
Stack trace:
#0 G:\Work\web\Xampp\htdocs\gmailtest\vendor\laravel\framework\src\Illuminate\Session\FileSessionHandler.php(100): Symfony\Component\Finder\Finder->in('G:\\Work\\web\\Xam...')
#1 G:\Work\web\Xampp\htdocs\gmailtest\bootstrap\cache\compiled.php(12000): Illuminate\Session\FileSessionHandler->gc(7200)
#2 G:\Work\web\Xampp\htdocs\gmailtest\bootstrap\cache\compiled.php(11962): Illuminate\Session\Middleware\StartSession->collectGarbage(Object(Illuminate\Session\Store))
#3 [internal function]: Illuminate\Session\Middleware\StartSession->handle(Object(Illuminate\Http\Request), Object(Closure))
#4 G:\Work\web\Xampp\htdocs\gmailtest\bootstrap\cache\compiled.php(9963): call_user_func_array(Array, Array)
#5 [internal function]: Illuminate\Pipeline\Pipeline->Illuminate\Pipeline\{closure}(Object(Illuminate\Http\Request))
#6 G:\Work\web\Xampp\htdocs\gmailtest\vendor\laravel\framework\src\Illuminate\Routing\Pipeline.php(32): call_user_func(Object(Closure), Object(Illuminate\Http\Request))
#7 G:\Work\web\Xampp\htdocs\gmailtest\bootstrap\cache\compiled.php(13213): Illuminate\Routing\Pipeline->Illuminate\Routing\{closure}(Object(Illuminate\Http\Request))
#8 [internal function]: Illuminate\Cookie\Middleware\AddQueuedCookiesToResponse->handle(Object(Illuminate\Http\Request), Object(Closure))
#9 G:\Work\web\Xampp\htdocs\gmailtest\bootstrap\cache\compiled.php(9963): call_user_func_array(Array, Array)
#10 [internal function]: Illuminate\Pipeline\Pipeline->Illuminate\Pipeline\{closure}(Object(Illuminate\Http\Request))
#11 G:\Work\web\Xampp\htdocs\gmailtest\vendor\laravel\framework\src\Illuminate\Routing\Pipeline.php(32): call_user_func(Object(Closure), Object(Illuminate\Http\Request))
#12 G:\Work\web\Xampp\htdocs\gmailtest\bootstrap\cache\compiled.php(13150): Illuminate\Routing\Pipeline->Illuminate\Routing\{closure}(Object(Illuminate\Http\Request))
#13 [internal function]: Illuminate\Cookie\Middleware\EncryptCookies->handle(Object(Illuminate\Http\Request), Object(Closure))
#14 G:\Work\web\Xampp\htdocs\gmailtest\bootstrap\cache\compiled.php(9963): call_user_func_array(Array, Array)
#15 [internal function]: Illuminate\Pipeline\Pipeline->Illuminate\Pipeline\{closure}(Object(Illuminate\Http\Request))
#16 G:\Work\web\Xampp\htdocs\gmailtest\vendor\laravel\framework\src\Illuminate\Routing\Pipeline.php(32): call_user_func(Object(Closure), Object(Illuminate\Http\Request))
#17 [internal function]: Illuminate\Routing\Pipeline->Illuminate\Routing\{closure}(Object(Illuminate\Http\Request))
#18 G:\Work\web\Xampp\htdocs\gmailtest\bootstrap\cache\compiled.php(9948): call_user_func(Object(Closure), Object(Illuminate\Http\Request))
#19 G:\Work\web\Xampp\htdocs\gmailtest\bootstrap\cache\compiled.php(8226): Illuminate\Pipeline\Pipeline->then(Object(Closure))
#20 G:\Work\web\Xampp\htdocs\gmailtest\bootstrap\cache\compiled.php(8217): Illuminate\Routing\Router->runRouteWithinStack(Object(Illuminate\Routing\Route), Object(Illuminate\Http\Request))
#21 G:\Work\web\Xampp\htdocs\gmailtest\bootstrap\cache\compiled.php(8207): Illuminate\Routing\Router->dispatchToRoute(Object(Illuminate\Http\Request))
#22 G:\Work\web\Xampp\htdocs\gmailtest\bootstrap\cache\compiled.php(2419): Illuminate\Routing\Router->dispatch(Object(Illuminate\Http\Request))
#23 [internal function]: Illuminate\Foundation\Http\Kernel->Illuminate\Foundation\Http\{closure}(Object(Illuminate\Http\Request))
#24 G:\Work\web\Xampp\htdocs\gmailtest\vendor\laravel\framework\src\Illuminate\Routing\Pipeline.php(52): call_user_func(Object(Closure), Object(Illuminate\Http\Request))
#25 G:\Work\web\Xampp\htdocs\gmailtest\bootstrap\cache\compiled.php(3286): Illuminate\Routing\Pipeline->Illuminate\Routing\{closure}(Object(Illuminate\Http\Request))
#26 [internal function]: Illuminate\Foundation\Http\Middleware\CheckForMaintenanceMode->handle(Object(Illuminate\Http\Request), Object(Closure))
#27 G:\Work\web\Xampp\htdocs\gmailtest\bootstrap\cache\compiled.php(9963): call_user_func_array(Array, Array)
#28 [internal function]: Illuminate\Pipeline\Pipeline->Illuminate\Pipeline\{closure}(Object(Illuminate\Http\Request))
#29 G:\Work\web\Xampp\htdocs\gmailtest\vendor\laravel\framework\src\Illuminate\Routing\Pipeline.php(32): call_user_func(Object(Closure), Object(Illuminate\Http\Request))
#30 [internal function]: Illuminate\Routing\Pipeline->Illuminate\Routing\{closure}(Object(Illuminate\Http\Request))
#31 G:\Work\web\Xampp\htdocs\gmailtest\bootstrap\cache\compiled.php(9948): call_user_func(Object(Closure), Object(Illuminate\Http\Request))
#32 G:\Work\web\Xampp\htdocs\gmailtest\bootstrap\cache\compiled.php(2366): Illuminate\Pipeline\Pipeline->then(Object(Closure))
#33 G:\Work\web\Xampp\htdocs\gmailtest\bootstrap\cache\compiled.php(2350): Illuminate\Foundation\Http\Kernel->sendRequestThroughRouter(Object(Illuminate\Http\Request))
#34 G:\Work\web\Xampp\htdocs\gmailtest\public\index.php(54): Illuminate\Foundation\Http\Kernel->handle(Object(Illuminate\Http\Request))
#35 G:\Work\web\Xampp\htdocs\gmailtest\server.php(21): require_once('G:\\Work\\web\\Xam...')
#36 {main}  
[2016-10-30 23:57:15] local.ERROR: exception 'ErrorException' with message 'file_put_contents(G:\Work\web\Xampp\htdocs\gmailtest\storage\framework/sessions/7e17a1a44297a0eaf28ca1a701cca2ab27688384): failed to open stream: No such file or directory' in G:\Work\web\Xampp\htdocs\gmailtest\bootstrap\cache\compiled.php:7364
Stack trace:
#0 [internal function]: Illuminate\Foundation\Bootstrap\HandleExceptions->handleError(2, 'file_put_conten...', 'G:\\Work\\web\\Xam...', 7364, Array)
#1 G:\Work\web\Xampp\htdocs\gmailtest\bootstrap\cache\compiled.php(7364): file_put_contents('G:\\Work\\web\\Xam...', 'a:3:{s:6:"_toke...', 2)
#2 G:\Work\web\Xampp\htdocs\gmailtest\vendor\laravel\framework\src\Illuminate\Session\FileSessionHandler.php(83): Illuminate\Filesystem\Filesystem->put('G:\\Work\\web\\Xam...', 'a:3:{s:6:"_toke...', true)
#3 G:\Work\web\Xampp\htdocs\gmailtest\bootstrap\cache\compiled.php(12153): Illuminate\Session\FileSessionHandler->write('7e17a1a44297a0e...', 'a:3:{s:6:"_toke...')
#4 G:\Work\web\Xampp\htdocs\gmailtest\bootstrap\cache\compiled.php(11974): Illuminate\Session\Store->save()
#5 G:\Work\web\Xampp\htdocs\gmailtest\bootstrap\cache\compiled.php(2375): Illuminate\Session\Middleware\StartSession->terminate(Object(Illuminate\Http\Request), Object(Illuminate\Http\Response))
#6 G:\Work\web\Xampp\htdocs\gmailtest\public\index.php(58): Illuminate\Foundation\Http\Kernel->terminate(Object(Illuminate\Http\Request), Object(Illuminate\Http\Response))
#7 G:\Work\web\Xampp\htdocs\gmailtest\server.php(21): require_once('G:\\Work\\web\\Xam...')
#8 {main}  
[2016-10-30 23:59:56] local.ERROR: exception 'InvalidArgumentException' with message 'Please provide a valid cache path.' in G:\Work\web\Xampp\htdocs\gmailtest\vendor\laravel\framework\src\Illuminate\View\Compilers\Compiler.php:36
Stack trace:
#0 G:\Work\web\Xampp\htdocs\gmailtest\vendor\laravel\framework\src\Illuminate\View\ViewServiceProvider.php(77): Illuminate\View\Compilers\Compiler->__construct(Object(Illuminate\Filesystem\Filesystem), false)
#1 G:\Work\web\Xampp\htdocs\gmailtest\vendor\laravel\framework\src\Illuminate\Container\Container.php(731): Illuminate\View\ViewServiceProvider->Illuminate\View\{closure}(Object(Illuminate\Foundation\Application), Array)
#2 G:\Work\web\Xampp\htdocs\gmailtest\vendor\laravel\framework\src\Illuminate\Container\Container.php(629): Illuminate\Container\Container->build(Object(Closure), Array)
#3 G:\Work\web\Xampp\htdocs\gmailtest\vendor\laravel\framework\src\Illuminate\Foundation\Application.php(697): Illuminate\Container\Container->make('blade.compiler', Array)
#4 G:\Work\web\Xampp\htdocs\gmailtest\vendor\laravel\framework\src\Illuminate\Container\Container.php(1178): Illuminate\Foundation\Application->make('blade.compiler')
#5 G:\Work\web\Xampp\htdocs\gmailtest\vendor\laravel\framework\src\Illuminate\View\ViewServiceProvider.php(81): Illuminate\Container\Container->offsetGet('blade.compiler')
#6 [internal function]: Illuminate\View\ViewServiceProvider->Illuminate\View\{closure}()
#7 G:\Work\web\Xampp\htdocs\gmailtest\vendor\laravel\framework\src\Illuminate\View\Engines\EngineResolver.php(54): call_user_func(Object(Closure))
#8 G:\Work\web\Xampp\htdocs\gmailtest\vendor\laravel\framework\src\Illuminate\View\Factory.php(311): Illuminate\View\Engines\EngineResolver->resolve('blade')
#9 G:\Work\web\Xampp\htdocs\gmailtest\vendor\laravel\framework\src\Illuminate\View\Factory.php(169): Illuminate\View\Factory->getEngineFromPath('G:\\Work\\web\\Xam...')
#10 G:\Work\web\Xampp\htdocs\gmailtest\vendor\laravel\framework\src\Illuminate\Foundation\helpers.php(779): Illuminate\View\Factory->make('auth.login', Array, Array)
#11 G:\Work\web\Xampp\htdocs\gmailtest\vendor\laravel\framework\src\Illuminate\Foundation\Auth\AuthenticatesUsers.php(37): view('auth.login')
#12 [internal function]: App\Http\Controllers\Auth\AuthController->showLoginForm()
#13 G:\Work\web\Xampp\htdocs\gmailtest\vendor\laravel\framework\src\Illuminate\Routing\Controller.php(80): call_user_func_array(Array, Array)
#14 G:\Work\web\Xampp\htdocs\gmailtest\vendor\laravel\framework\src\Illuminate\Routing\ControllerDispatcher.php(146): Illuminate\Routing\Controller->callAction('showLoginForm', Array)
#15 G:\Work\web\Xampp\htdocs\gmailtest\vendor\laravel\framework\src\Illuminate\Routing\ControllerDispatcher.php(94): Illuminate\Routing\ControllerDispatcher->call(Object(App\Http\Controllers\Auth\AuthController), Object(Illuminate\Routing\Route), 'showLoginForm')
#16 [internal function]: Illuminate\Routing\ControllerDispatcher->Illuminate\Routing\{closure}(Object(Illuminate\Http\Request))
#17 G:\Work\web\Xampp\htdocs\gmailtest\vendor\laravel\framework\src\Illuminate\Routing\Pipeline.php(52): call_user_func(Object(Closure), Object(Illuminate\Http\Request))
#18 G:\Work\web\Xampp\htdocs\gmailtest\app\Http\Middleware\RedirectIfAuthenticated.php(24): Illuminate\Routing\Pipeline->Illuminate\Routing\{closure}(Object(Illuminate\Http\Request))
#19 [internal function]: App\Http\Middleware\RedirectIfAuthenticated->handle(Object(Illuminate\Http\Request), Object(Closure))
#20 G:\Work\web\Xampp\htdocs\gmailtest\vendor\laravel\framework\src\Illuminate\Pipeline\Pipeline.php(136): call_user_func_array(Array, Array)
#21 [internal function]: Illuminate\Pipeline\Pipeline->Illuminate\Pipeline\{closure}(Object(Illuminate\Http\Request))
#22 G:\Work\web\Xampp\htdocs\gmailtest\vendor\laravel\framework\src\Illuminate\Routing\Pipeline.php(32): call_user_func(Object(Closure), Object(Illuminate\Http\Request))
#23 [internal function]: Illuminate\Routing\Pipeline->Illuminate\Routing\{closure}(Object(Illuminate\Http\Request))
#24 G:\Work\web\Xampp\htdocs\gmailtest\vendor\laravel\framework\src\Illuminate\Pipeline\Pipeline.php(103): call_user_func(Object(Closure), Object(Illuminate\Http\Request))
#25 G:\Work\web\Xampp\htdocs\gmailtest\vendor\laravel\framework\src\Illuminate\Routing\ControllerDispatcher.php(96): Illuminate\Pipeline\Pipeline->then(Object(Closure))
#26 G:\Work\web\Xampp\htdocs\gmailtest\vendor\laravel\framework\src\Illuminate\Routing\ControllerDispatcher.php(54): Illuminate\Routing\ControllerDispatcher->callWithinStack(Object(App\Http\Controllers\Auth\AuthController), Object(Illuminate\Routing\Route), Object(Illuminate\Http\Request), 'showLoginForm')
#27 G:\Work\web\Xampp\htdocs\gmailtest\vendor\laravel\framework\src\Illuminate\Routing\Route.php(174): Illuminate\Routing\ControllerDispatcher->dispatch(Object(Illuminate\Routing\Route), Object(Illuminate\Http\Request), 'App\\Http\\Contro...', 'showLoginForm')
#28 G:\Work\web\Xampp\htdocs\gmailtest\vendor\laravel\framework\src\Illuminate\Routing\Route.php(140): Illuminate\Routing\Route->runController(Object(Illuminate\Http\Request))
#29 G:\Work\web\Xampp\htdocs\gmailtest\vendor\laravel\framework\src\Illuminate\Routing\Router.php(724): Illuminate\Routing\Route->run(Object(Illuminate\Http\Request))
#30 [internal function]: Illuminate\Routing\Router->Illuminate\Routing\{closure}(Object(Illuminate\Http\Request))
#31 G:\Work\web\Xampp\htdocs\gmailtest\vendor\laravel\framework\src\Illuminate\Routing\Pipeline.php(52): call_user_func(Object(Closure), Object(Illuminate\Http\Request))
#32 G:\Work\web\Xampp\htdocs\gmailtest\vendor\laravel\framework\src\Illuminate\Foundation\Http\Middleware\VerifyCsrfToken.php(64): Illuminate\Routing\Pipeline->Illuminate\Routing\{closure}(Object(Illuminate\Http\Request))
#33 [internal function]: Illuminate\Foundation\Http\Middleware\VerifyCsrfToken->handle(Object(Illuminate\Http\Request), Object(Closure))
#34 G:\Work\web\Xampp\htdocs\gmailtest\vendor\laravel\framework\src\Illuminate\Pipeline\Pipeline.php(136): call_user_func_array(Array, Array)
#35 [internal function]: Illuminate\Pipeline\Pipeline->Illuminate\Pipeline\{closure}(Object(Illuminate\Http\Request))
#36 G:\Work\web\Xampp\htdocs\gmailtest\vendor\laravel\framework\src\Illuminate\Routing\Pipeline.php(32): call_user_func(Object(Closure), Object(Illuminate\Http\Request))
#37 G:\Work\web\Xampp\htdocs\gmailtest\vendor\laravel\framework\src\Illuminate\View\Middleware\ShareErrorsFromSession.php(49): Illuminate\Routing\Pipeline->Illuminate\Routing\{closure}(Object(Illuminate\Http\Request))
#38 [internal function]: Illuminate\View\Middleware\ShareErrorsFromSession->handle(Object(Illuminate\Http\Request), Object(Closure))
#39 G:\Work\web\Xampp\htdocs\gmailtest\vendor\laravel\framework\src\Illuminate\Pipeline\Pipeline.php(136): call_user_func_array(Array, Array)
#40 [internal function]: Illuminate\Pipeline\Pipeline->Illuminate\Pipeline\{closure}(Object(Illuminate\Http\Request))
#41 G:\Work\web\Xampp\htdocs\gmailtest\vendor\laravel\framework\src\Illuminate\Routing\Pipeline.php(32): call_user_func(Object(Closure), Object(Illuminate\Http\Request))
#42 G:\Work\web\Xampp\htdocs\gmailtest\vendor\laravel\framework\src\Illuminate\Session\Middleware\StartSession.php(64): Illuminate\Routing\Pipeline->Illuminate\Routing\{closure}(Object(Illuminate\Http\Request))
#43 [internal function]: Illuminate\Session\Middleware\StartSession->handle(Object(Illuminate\Http\Request), Object(Closure))
#44 G:\Work\web\Xampp\htdocs\gmailtest\vendor\laravel\framework\src\Illuminate\Pipeline\Pipeline.php(136): call_user_func_array(Array, Array)
#45 [internal function]: Illuminate\Pipeline\Pipeline->Illuminate\Pipeline\{closure}(Object(Illuminate\Http\Request))
#46 G:\Work\web\Xampp\htdocs\gmailtest\vendor\laravel\framework\src\Illuminate\Routing\Pipeline.php(32): call_user_func(Object(Closure), Object(Illuminate\Http\Request))
#47 G:\Work\web\Xampp\htdocs\gmailtest\vendor\laravel\framework\src\Illuminate\Cookie\Middleware\AddQueuedCookiesToResponse.php(37): Illuminate\Routing\Pipeline->Illuminate\Routing\{closure}(Object(Illuminate\Http\Request))
#48 [internal function]: Illuminate\Cookie\Middleware\AddQueuedCookiesToResponse->handle(Object(Illuminate\Http\Request), Object(Closure))
#49 G:\Work\web\Xampp\htdocs\gmailtest\vendor\laravel\framework\src\Illuminate\Pipeline\Pipeline.php(136): call_user_func_array(Array, Array)
#50 [internal function]: Illuminate\Pipeline\Pipeline->Illuminate\Pipeline\{closure}(Object(Illuminate\Http\Request))
#51 G:\Work\web\Xampp\htdocs\gmailtest\vendor\laravel\framework\src\Illuminate\Routing\Pipeline.php(32): call_user_func(Object(Closure), Object(Illuminate\Http\Request))
#52 G:\Work\web\Xampp\htdocs\gmailtest\vendor\laravel\framework\src\Illuminate\Cookie\Middleware\EncryptCookies.php(59): Illuminate\Routing\Pipeline->Illuminate\Routing\{closure}(Object(Illuminate\Http\Request))
#53 [internal function]: Illuminate\Cookie\Middleware\EncryptCookies->handle(Object(Illuminate\Http\Request), Object(Closure))
#54 G:\Work\web\Xampp\htdocs\gmailtest\vendor\laravel\framework\src\Illuminate\Pipeline\Pipeline.php(136): call_user_func_array(Array, Array)
#55 [internal function]: Illuminate\Pipeline\Pipeline->Illuminate\Pipeline\{closure}(Object(Illuminate\Http\Request))
#56 G:\Work\web\Xampp\htdocs\gmailtest\vendor\laravel\framework\src\Illuminate\Routing\Pipeline.php(32): call_user_func(Object(Closure), Object(Illuminate\Http\Request))
#57 [internal function]: Illuminate\Routing\Pipeline->Illuminate\Routing\{closure}(Object(Illuminate\Http\Request))
#58 G:\Work\web\Xampp\htdocs\gmailtest\vendor\laravel\framework\src\Illuminate\Pipeline\Pipeline.php(103): call_user_func(Object(Closure), Object(Illuminate\Http\Request))
#59 G:\Work\web\Xampp\htdocs\gmailtest\vendor\laravel\framework\src\Illuminate\Routing\Router.php(726): Illuminate\Pipeline\Pipeline->then(Object(Closure))
#60 G:\Work\web\Xampp\htdocs\gmailtest\vendor\laravel\framework\src\Illuminate\Routing\Router.php(699): Illuminate\Routing\Router->runRouteWithinStack(Object(Illuminate\Routing\Route), Object(Illuminate\Http\Request))
#61 G:\Work\web\Xampp\htdocs\gmailtest\vendor\laravel\framework\src\Illuminate\Routing\Router.php(675): Illuminate\Routing\Router->dispatchToRoute(Object(Illuminate\Http\Request))
#62 G:\Work\web\Xampp\htdocs\gmailtest\vendor\laravel\framework\src\Illuminate\Foundation\Http\Kernel.php(246): Illuminate\Routing\Router->dispatch(Object(Illuminate\Http\Request))
#63 [internal function]: Illuminate\Foundation\Http\Kernel->Illuminate\Foundation\Http\{closure}(Object(Illuminate\Http\Request))
#64 G:\Work\web\Xampp\htdocs\gmailtest\vendor\laravel\framework\src\Illuminate\Routing\Pipeline.php(52): call_user_func(Object(Closure), Object(Illuminate\Http\Request))
#65 G:\Work\web\Xampp\htdocs\gmailtest\vendor\laravel\framework\src\Illuminate\Foundation\Http\Middleware\CheckForMaintenanceMode.php(44): Illuminate\Routing\Pipeline->Illuminate\Routing\{closure}(Object(Illuminate\Http\Request))
#66 [internal function]: Illuminate\Foundation\Http\Middleware\CheckForMaintenanceMode->handle(Object(Illuminate\Http\Request), Object(Closure))
#67 G:\Work\web\Xampp\htdocs\gmailtest\vendor\laravel\framework\src\Illuminate\Pipeline\Pipeline.php(136): call_user_func_array(Array, Array)
#68 [internal function]: Illuminate\Pipeline\Pipeline->Illuminate\Pipeline\{closure}(Object(Illuminate\Http\Request))
#69 G:\Work\web\Xampp\htdocs\gmailtest\vendor\laravel\framework\src\Illuminate\Routing\Pipeline.php(32): call_user_func(Object(Closure), Object(Illuminate\Http\Request))
#70 [internal function]: Illuminate\Routing\Pipeline->Illuminate\Routing\{closure}(Object(Illuminate\Http\Request))
#71 G:\Work\web\Xampp\htdocs\gmailtest\vendor\laravel\framework\src\Illuminate\Pipeline\Pipeline.php(103): call_user_func(Object(Closure), Object(Illuminate\Http\Request))
#72 G:\Work\web\Xampp\htdocs\gmailtest\vendor\laravel\framework\src\Illuminate\Foundation\Http\Kernel.php(132): Illuminate\Pipeline\Pipeline->then(Object(Closure))
#73 G:\Work\web\Xampp\htdocs\gmailtest\vendor\laravel\framework\src\Illuminate\Foundation\Http\Kernel.php(99): Illuminate\Foundation\Http\Kernel->sendRequestThroughRouter(Object(Illuminate\Http\Request))
#74 G:\Work\web\Xampp\htdocs\gmailtest\public\index.php(54): Illuminate\Foundation\Http\Kernel->handle(Object(Illuminate\Http\Request))
#75 G:\Work\web\Xampp\htdocs\gmailtest\server.php(21): require_once('G:\\Work\\web\\Xam...')
#76 {main}  
[2016-10-30 23:59:56] local.ERROR: exception 'ErrorException' with message 'file_put_contents(G:\Work\web\Xampp\htdocs\gmailtest\storage\framework/sessions/7e17a1a44297a0eaf28ca1a701cca2ab27688384): failed to open stream: No such file or directory' in G:\Work\web\Xampp\htdocs\gmailtest\vendor\laravel\framework\src\Illuminate\Filesystem\Filesystem.php:111
Stack trace:
#0 [internal function]: Illuminate\Foundation\Bootstrap\HandleExceptions->handleError(2, 'file_put_conten...', 'G:\\Work\\web\\Xam...', 111, Array)
#1 G:\Work\web\Xampp\htdocs\gmailtest\vendor\laravel\framework\src\Illuminate\Filesystem\Filesystem.php(111): file_put_contents('G:\\Work\\web\\Xam...', 'a:4:{s:6:"_toke...', 2)
#2 G:\Work\web\Xampp\htdocs\gmailtest\vendor\laravel\framework\src\Illuminate\Session\FileSessionHandler.php(83): Illuminate\Filesystem\Filesystem->put('G:\\Work\\web\\Xam...', 'a:4:{s:6:"_toke...', true)
#3 G:\Work\web\Xampp\htdocs\gmailtest\vendor\laravel\framework\src\Illuminate\Session\Store.php(262): Illuminate\Session\FileSessionHandler->write('7e17a1a44297a0e...', 'a:4:{s:6:"_toke...')
#4 G:\Work\web\Xampp\htdocs\gmailtest\vendor\laravel\framework\src\Illuminate\Session\Middleware\StartSession.php(88): Illuminate\Session\Store->save()
#5 G:\Work\web\Xampp\htdocs\gmailtest\vendor\laravel\framework\src\Illuminate\Foundation\Http\Kernel.php(155): Illuminate\Session\Middleware\StartSession->terminate(Object(Illuminate\Http\Request), Object(Illuminate\Http\Response))
#6 G:\Work\web\Xampp\htdocs\gmailtest\public\index.php(58): Illuminate\Foundation\Http\Kernel->terminate(Object(Illuminate\Http\Request), Object(Illuminate\Http\Response))
#7 G:\Work\web\Xampp\htdocs\gmailtest\server.php(21): require_once('G:\\Work\\web\\Xam...')
#8 {main}  
[2016-10-31 00:01:03] local.ERROR: exception 'InvalidArgumentException' with message 'Please provide a valid cache path.' in G:\Work\web\Xampp\htdocs\gmailtest\vendor\laravel\framework\src\Illuminate\View\Compilers\Compiler.php:36
Stack trace:
#0 G:\Work\web\Xampp\htdocs\gmailtest\vendor\laravel\framework\src\Illuminate\View\ViewServiceProvider.php(77): Illuminate\View\Compilers\Compiler->__construct(Object(Illuminate\Filesystem\Filesystem), false)
#1 G:\Work\web\Xampp\htdocs\gmailtest\vendor\laravel\framework\src\Illuminate\Container\Container.php(731): Illuminate\View\ViewServiceProvider->Illuminate\View\{closure}(Object(Illuminate\Foundation\Application), Array)
#2 G:\Work\web\Xampp\htdocs\gmailtest\vendor\laravel\framework\src\Illuminate\Container\Container.php(629): Illuminate\Container\Container->build(Object(Closure), Array)
#3 G:\Work\web\Xampp\htdocs\gmailtest\vendor\laravel\framework\src\Illuminate\Foundation\Application.php(697): Illuminate\Container\Container->make('blade.compiler', Array)
#4 G:\Work\web\Xampp\htdocs\gmailtest\vendor\laravel\framework\src\Illuminate\Container\Container.php(1178): Illuminate\Foundation\Application->make('blade.compiler')
#5 G:\Work\web\Xampp\htdocs\gmailtest\vendor\laravel\framework\src\Illuminate\View\ViewServiceProvider.php(81): Illuminate\Container\Container->offsetGet('blade.compiler')
#6 [internal function]: Illuminate\View\ViewServiceProvider->Illuminate\View\{closure}()
#7 G:\Work\web\Xampp\htdocs\gmailtest\vendor\laravel\framework\src\Illuminate\View\Engines\EngineResolver.php(54): call_user_func(Object(Closure))
#8 G:\Work\web\Xampp\htdocs\gmailtest\vendor\laravel\framework\src\Illuminate\View\Factory.php(311): Illuminate\View\Engines\EngineResolver->resolve('blade')
#9 G:\Work\web\Xampp\htdocs\gmailtest\vendor\laravel\framework\src\Illuminate\View\Factory.php(169): Illuminate\View\Factory->getEngineFromPath('G:\\Work\\web\\Xam...')
#10 G:\Work\web\Xampp\htdocs\gmailtest\vendor\laravel\framework\src\Illuminate\Foundation\helpers.php(779): Illuminate\View\Factory->make('auth.login', Array, Array)
#11 G:\Work\web\Xampp\htdocs\gmailtest\vendor\laravel\framework\src\Illuminate\Foundation\Auth\AuthenticatesUsers.php(37): view('auth.login')
#12 [internal function]: App\Http\Controllers\Auth\AuthController->showLoginForm()
#13 G:\Work\web\Xampp\htdocs\gmailtest\vendor\laravel\framework\src\Illuminate\Routing\Controller.php(80): call_user_func_array(Array, Array)
#14 G:\Work\web\Xampp\htdocs\gmailtest\vendor\laravel\framework\src\Illuminate\Routing\ControllerDispatcher.php(146): Illuminate\Routing\Controller->callAction('showLoginForm', Array)
#15 G:\Work\web\Xampp\htdocs\gmailtest\vendor\laravel\framework\src\Illuminate\Routing\ControllerDispatcher.php(94): Illuminate\Routing\ControllerDispatcher->call(Object(App\Http\Controllers\Auth\AuthController), Object(Illuminate\Routing\Route), 'showLoginForm')
#16 [internal function]: Illuminate\Routing\ControllerDispatcher->Illuminate\Routing\{closure}(Object(Illuminate\Http\Request))
#17 G:\Work\web\Xampp\htdocs\gmailtest\vendor\laravel\framework\src\Illuminate\Routing\Pipeline.php(52): call_user_func(Object(Closure), Object(Illuminate\Http\Request))
#18 G:\Work\web\Xampp\htdocs\gmailtest\app\Http\Middleware\RedirectIfAuthenticated.php(24): Illuminate\Routing\Pipeline->Illuminate\Routing\{closure}(Object(Illuminate\Http\Request))
#19 [internal function]: App\Http\Middleware\RedirectIfAuthenticated->handle(Object(Illuminate\Http\Request), Object(Closure))
#20 G:\Work\web\Xampp\htdocs\gmailtest\vendor\laravel\framework\src\Illuminate\Pipeline\Pipeline.php(136): call_user_func_array(Array, Array)
#21 [internal function]: Illuminate\Pipeline\Pipeline->Illuminate\Pipeline\{closure}(Object(Illuminate\Http\Request))
#22 G:\Work\web\Xampp\htdocs\gmailtest\vendor\laravel\framework\src\Illuminate\Routing\Pipeline.php(32): call_user_func(Object(Closure), Object(Illuminate\Http\Request))
#23 [internal function]: Illuminate\Routing\Pipeline->Illuminate\Routing\{closure}(Object(Illuminate\Http\Request))
#24 G:\Work\web\Xampp\htdocs\gmailtest\vendor\laravel\framework\src\Illuminate\Pipeline\Pipeline.php(103): call_user_func(Object(Closure), Object(Illuminate\Http\Request))
#25 G:\Work\web\Xampp\htdocs\gmailtest\vendor\laravel\framework\src\Illuminate\Routing\ControllerDispatcher.php(96): Illuminate\Pipeline\Pipeline->then(Object(Closure))
#26 G:\Work\web\Xampp\htdocs\gmailtest\vendor\laravel\framework\src\Illuminate\Routing\ControllerDispatcher.php(54): Illuminate\Routing\ControllerDispatcher->callWithinStack(Object(App\Http\Controllers\Auth\AuthController), Object(Illuminate\Routing\Route), Object(Illuminate\Http\Request), 'showLoginForm')
#27 G:\Work\web\Xampp\htdocs\gmailtest\vendor\laravel\framework\src\Illuminate\Routing\Route.php(174): Illuminate\Routing\ControllerDispatcher->dispatch(Object(Illuminate\Routing\Route), Object(Illuminate\Http\Request), 'App\\Http\\Contro...', 'showLoginForm')
#28 G:\Work\web\Xampp\htdocs\gmailtest\vendor\laravel\framework\src\Illuminate\Routing\Route.php(140): Illuminate\Routing\Route->runController(Object(Illuminate\Http\Request))
#29 G:\Work\web\Xampp\htdocs\gmailtest\vendor\laravel\framework\src\Illuminate\Routing\Router.php(724): Illuminate\Routing\Route->run(Object(Illuminate\Http\Request))
#30 [internal function]: Illuminate\Routing\Router->Illuminate\Routing\{closure}(Object(Illuminate\Http\Request))
#31 G:\Work\web\Xampp\htdocs\gmailtest\vendor\laravel\framework\src\Illuminate\Routing\Pipeline.php(52): call_user_func(Object(Closure), Object(Illuminate\Http\Request))
#32 G:\Work\web\Xampp\htdocs\gmailtest\vendor\laravel\framework\src\Illuminate\Foundation\Http\Middleware\VerifyCsrfToken.php(64): Illuminate\Routing\Pipeline->Illuminate\Routing\{closure}(Object(Illuminate\Http\Request))
#33 [internal function]: Illuminate\Foundation\Http\Middleware\VerifyCsrfToken->handle(Object(Illuminate\Http\Request), Object(Closure))
#34 G:\Work\web\Xampp\htdocs\gmailtest\vendor\laravel\framework\src\Illuminate\Pipeline\Pipeline.php(136): call_user_func_array(Array, Array)
#35 [internal function]: Illuminate\Pipeline\Pipeline->Illuminate\Pipeline\{closure}(Object(Illuminate\Http\Request))
#36 G:\Work\web\Xampp\htdocs\gmailtest\vendor\laravel\framework\src\Illuminate\Routing\Pipeline.php(32): call_user_func(Object(Closure), Object(Illuminate\Http\Request))
#37 G:\Work\web\Xampp\htdocs\gmailtest\vendor\laravel\framework\src\Illuminate\View\Middleware\ShareErrorsFromSession.php(49): Illuminate\Routing\Pipeline->Illuminate\Routing\{closure}(Object(Illuminate\Http\Request))
#38 [internal function]: Illuminate\View\Middleware\ShareErrorsFromSession->handle(Object(Illuminate\Http\Request), Object(Closure))
#39 G:\Work\web\Xampp\htdocs\gmailtest\vendor\laravel\framework\src\Illuminate\Pipeline\Pipeline.php(136): call_user_func_array(Array, Array)
#40 [internal function]: Illuminate\Pipeline\Pipeline->Illuminate\Pipeline\{closure}(Object(Illuminate\Http\Request))
#41 G:\Work\web\Xampp\htdocs\gmailtest\vendor\laravel\framework\src\Illuminate\Routing\Pipeline.php(32): call_user_func(Object(Closure), Object(Illuminate\Http\Request))
#42 G:\Work\web\Xampp\htdocs\gmailtest\vendor\laravel\framework\src\Illuminate\Session\Middleware\StartSession.php(64): Illuminate\Routing\Pipeline->Illuminate\Routing\{closure}(Object(Illuminate\Http\Request))
#43 [internal function]: Illuminate\Session\Middleware\StartSession->handle(Object(Illuminate\Http\Request), Object(Closure))
#44 G:\Work\web\Xampp\htdocs\gmailtest\vendor\laravel\framework\src\Illuminate\Pipeline\Pipeline.php(136): call_user_func_array(Array, Array)
#45 [internal function]: Illuminate\Pipeline\Pipeline->Illuminate\Pipeline\{closure}(Object(Illuminate\Http\Request))
#46 G:\Work\web\Xampp\htdocs\gmailtest\vendor\laravel\framework\src\Illuminate\Routing\Pipeline.php(32): call_user_func(Object(Closure), Object(Illuminate\Http\Request))
#47 G:\Work\web\Xampp\htdocs\gmailtest\vendor\laravel\framework\src\Illuminate\Cookie\Middleware\AddQueuedCookiesToResponse.php(37): Illuminate\Routing\Pipeline->Illuminate\Routing\{closure}(Object(Illuminate\Http\Request))
#48 [internal function]: Illuminate\Cookie\Middleware\AddQueuedCookiesToResponse->handle(Object(Illuminate\Http\Request), Object(Closure))
#49 G:\Work\web\Xampp\htdocs\gmailtest\vendor\laravel\framework\src\Illuminate\Pipeline\Pipeline.php(136): call_user_func_array(Array, Array)
#50 [internal function]: Illuminate\Pipeline\Pipeline->Illuminate\Pipeline\{closure}(Object(Illuminate\Http\Request))
#51 G:\Work\web\Xampp\htdocs\gmailtest\vendor\laravel\framework\src\Illuminate\Routing\Pipeline.php(32): call_user_func(Object(Closure), Object(Illuminate\Http\Request))
#52 G:\Work\web\Xampp\htdocs\gmailtest\vendor\laravel\framework\src\Illuminate\Cookie\Middleware\EncryptCookies.php(59): Illuminate\Routing\Pipeline->Illuminate\Routing\{closure}(Object(Illuminate\Http\Request))
#53 [internal function]: Illuminate\Cookie\Middleware\EncryptCookies->handle(Object(Illuminate\Http\Request), Object(Closure))
#54 G:\Work\web\Xampp\htdocs\gmailtest\vendor\laravel\framework\src\Illuminate\Pipeline\Pipeline.php(136): call_user_func_array(Array, Array)
#55 [internal function]: Illuminate\Pipeline\Pipeline->Illuminate\Pipeline\{closure}(Object(Illuminate\Http\Request))
#56 G:\Work\web\Xampp\htdocs\gmailtest\vendor\laravel\framework\src\Illuminate\Routing\Pipeline.php(32): call_user_func(Object(Closure), Object(Illuminate\Http\Request))
#57 [internal function]: Illuminate\Routing\Pipeline->Illuminate\Routing\{closure}(Object(Illuminate\Http\Request))
#58 G:\Work\web\Xampp\htdocs\gmailtest\vendor\laravel\framework\src\Illuminate\Pipeline\Pipeline.php(103): call_user_func(Object(Closure), Object(Illuminate\Http\Request))
#59 G:\Work\web\Xampp\htdocs\gmailtest\vendor\laravel\framework\src\Illuminate\Routing\Router.php(726): Illuminate\Pipeline\Pipeline->then(Object(Closure))
#60 G:\Work\web\Xampp\htdocs\gmailtest\vendor\laravel\framework\src\Illuminate\Routing\Router.php(699): Illuminate\Routing\Router->runRouteWithinStack(Object(Illuminate\Routing\Route), Object(Illuminate\Http\Request))
#61 G:\Work\web\Xampp\htdocs\gmailtest\vendor\laravel\framework\src\Illuminate\Routing\Router.php(675): Illuminate\Routing\Router->dispatchToRoute(Object(Illuminate\Http\Request))
#62 G:\Work\web\Xampp\htdocs\gmailtest\vendor\laravel\framework\src\Illuminate\Foundation\Http\Kernel.php(246): Illuminate\Routing\Router->dispatch(Object(Illuminate\Http\Request))
#63 [internal function]: Illuminate\Foundation\Http\Kernel->Illuminate\Foundation\Http\{closure}(Object(Illuminate\Http\Request))
#64 G:\Work\web\Xampp\htdocs\gmailtest\vendor\laravel\framework\src\Illuminate\Routing\Pipeline.php(52): call_user_func(Object(Closure), Object(Illuminate\Http\Request))
#65 G:\Work\web\Xampp\htdocs\gmailtest\vendor\laravel\framework\src\Illuminate\Foundation\Http\Middleware\CheckForMaintenanceMode.php(44): Illuminate\Routing\Pipeline->Illuminate\Routing\{closure}(Object(Illuminate\Http\Request))
#66 [internal function]: Illuminate\Foundation\Http\Middleware\CheckForMaintenanceMode->handle(Object(Illuminate\Http\Request), Object(Closure))
#67 G:\Work\web\Xampp\htdocs\gmailtest\vendor\laravel\framework\src\Illuminate\Pipeline\Pipeline.php(136): call_user_func_array(Array, Array)
#68 [internal function]: Illuminate\Pipeline\Pipeline->Illuminate\Pipeline\{closure}(Object(Illuminate\Http\Request))
#69 G:\Work\web\Xampp\htdocs\gmailtest\vendor\laravel\framework\src\Illuminate\Routing\Pipeline.php(32): call_user_func(Object(Closure), Object(Illuminate\Http\Request))
#70 [internal function]: Illuminate\Routing\Pipeline->Illuminate\Routing\{closure}(Object(Illuminate\Http\Request))
#71 G:\Work\web\Xampp\htdocs\gmailtest\vendor\laravel\framework\src\Illuminate\Pipeline\Pipeline.php(103): call_user_func(Object(Closure), Object(Illuminate\Http\Request))
#72 G:\Work\web\Xampp\htdocs\gmailtest\vendor\laravel\framework\src\Illuminate\Foundation\Http\Kernel.php(132): Illuminate\Pipeline\Pipeline->then(Object(Closure))
#73 G:\Work\web\Xampp\htdocs\gmailtest\vendor\laravel\framework\src\Illuminate\Foundation\Http\Kernel.php(99): Illuminate\Foundation\Http\Kernel->sendRequestThroughRouter(Object(Illuminate\Http\Request))
#74 G:\Work\web\Xampp\htdocs\gmailtest\public\index.php(54): Illuminate\Foundation\Http\Kernel->handle(Object(Illuminate\Http\Request))
#75 G:\Work\web\Xampp\htdocs\gmailtest\server.php(21): require_once('G:\\Work\\web\\Xam...')
#76 {main}  
[2016-10-31 00:01:03] local.ERROR: exception 'ErrorException' with message 'file_put_contents(G:\Work\web\Xampp\htdocs\gmailtest\storage\framework/sessions/7e17a1a44297a0eaf28ca1a701cca2ab27688384): failed to open stream: No such file or directory' in G:\Work\web\Xampp\htdocs\gmailtest\vendor\laravel\framework\src\Illuminate\Filesystem\Filesystem.php:111
Stack trace:
#0 [internal function]: Illuminate\Foundation\Bootstrap\HandleExceptions->handleError(2, 'file_put_conten...', 'G:\\Work\\web\\Xam...', 111, Array)
#1 G:\Work\web\Xampp\htdocs\gmailtest\vendor\laravel\framework\src\Illuminate\Filesystem\Filesystem.php(111): file_put_contents('G:\\Work\\web\\Xam...', 'a:4:{s:6:"_toke...', 2)
#2 G:\Work\web\Xampp\htdocs\gmailtest\vendor\laravel\framework\src\Illuminate\Session\FileSessionHandler.php(83): Illuminate\Filesystem\Filesystem->put('G:\\Work\\web\\Xam...', 'a:4:{s:6:"_toke...', true)
#3 G:\Work\web\Xampp\htdocs\gmailtest\vendor\laravel\framework\src\Illuminate\Session\Store.php(262): Illuminate\Session\FileSessionHandler->write('7e17a1a44297a0e...', 'a:4:{s:6:"_toke...')
#4 G:\Work\web\Xampp\htdocs\gmailtest\vendor\laravel\framework\src\Illuminate\Session\Middleware\StartSession.php(88): Illuminate\Session\Store->save()
#5 G:\Work\web\Xampp\htdocs\gmailtest\vendor\laravel\framework\src\Illuminate\Foundation\Http\Kernel.php(155): Illuminate\Session\Middleware\StartSession->terminate(Object(Illuminate\Http\Request), Object(Illuminate\Http\Response))
#6 G:\Work\web\Xampp\htdocs\gmailtest\public\index.php(58): Illuminate\Foundation\Http\Kernel->terminate(Object(Illuminate\Http\Request), Object(Illuminate\Http\Response))
#7 G:\Work\web\Xampp\htdocs\gmailtest\server.php(21): require_once('G:\\Work\\web\\Xam...')
#8 {main}  
[2016-10-31 00:01:05] local.ERROR: exception 'InvalidArgumentException' with message 'Please provide a valid cache path.' in G:\Work\web\Xampp\htdocs\gmailtest\vendor\laravel\framework\src\Illuminate\View\Compilers\Compiler.php:36
Stack trace:
#0 G:\Work\web\Xampp\htdocs\gmailtest\vendor\laravel\framework\src\Illuminate\View\ViewServiceProvider.php(77): Illuminate\View\Compilers\Compiler->__construct(Object(Illuminate\Filesystem\Filesystem), false)
#1 G:\Work\web\Xampp\htdocs\gmailtest\vendor\laravel\framework\src\Illuminate\Container\Container.php(731): Illuminate\View\ViewServiceProvider->Illuminate\View\{closure}(Object(Illuminate\Foundation\Application), Array)
#2 G:\Work\web\Xampp\htdocs\gmailtest\vendor\laravel\framework\src\Illuminate\Container\Container.php(629): Illuminate\Container\Container->build(Object(Closure), Array)
#3 G:\Work\web\Xampp\htdocs\gmailtest\vendor\laravel\framework\src\Illuminate\Foundation\Application.php(697): Illuminate\Container\Container->make('blade.compiler', Array)
#4 G:\Work\web\Xampp\htdocs\gmailtest\vendor\laravel\framework\src\Illuminate\Container\Container.php(1178): Illuminate\Foundation\Application->make('blade.compiler')
#5 G:\Work\web\Xampp\htdocs\gmailtest\vendor\laravel\framework\src\Illuminate\View\ViewServiceProvider.php(81): Illuminate\Container\Container->offsetGet('blade.compiler')
#6 [internal function]: Illuminate\View\ViewServiceProvider->Illuminate\View\{closure}()
#7 G:\Work\web\Xampp\htdocs\gmailtest\vendor\laravel\framework\src\Illuminate\View\Engines\EngineResolver.php(54): call_user_func(Object(Closure))
#8 G:\Work\web\Xampp\htdocs\gmailtest\vendor\laravel\framework\src\Illuminate\View\Factory.php(311): Illuminate\View\Engines\EngineResolver->resolve('blade')
#9 G:\Work\web\Xampp\htdocs\gmailtest\vendor\laravel\framework\src\Illuminate\View\Factory.php(169): Illuminate\View\Factory->getEngineFromPath('G:\\Work\\web\\Xam...')
#10 G:\Work\web\Xampp\htdocs\gmailtest\vendor\laravel\framework\src\Illuminate\Foundation\helpers.php(779): Illuminate\View\Factory->make('auth.login', Array, Array)
#11 G:\Work\web\Xampp\htdocs\gmailtest\vendor\laravel\framework\src\Illuminate\Foundation\Auth\AuthenticatesUsers.php(37): view('auth.login')
#12 [internal function]: App\Http\Controllers\Auth\AuthController->showLoginForm()
#13 G:\Work\web\Xampp\htdocs\gmailtest\vendor\laravel\framework\src\Illuminate\Routing\Controller.php(80): call_user_func_array(Array, Array)
#14 G:\Work\web\Xampp\htdocs\gmailtest\vendor\laravel\framework\src\Illuminate\Routing\ControllerDispatcher.php(146): Illuminate\Routing\Controller->callAction('showLoginForm', Array)
#15 G:\Work\web\Xampp\htdocs\gmailtest\vendor\laravel\framework\src\Illuminate\Routing\ControllerDispatcher.php(94): Illuminate\Routing\ControllerDispatcher->call(Object(App\Http\Controllers\Auth\AuthController), Object(Illuminate\Routing\Route), 'showLoginForm')
#16 [internal function]: Illuminate\Routing\ControllerDispatcher->Illuminate\Routing\{closure}(Object(Illuminate\Http\Request))
#17 G:\Work\web\Xampp\htdocs\gmailtest\vendor\laravel\framework\src\Illuminate\Routing\Pipeline.php(52): call_user_func(Object(Closure), Object(Illuminate\Http\Request))
#18 G:\Work\web\Xampp\htdocs\gmailtest\app\Http\Middleware\RedirectIfAuthenticated.php(24): Illuminate\Routing\Pipeline->Illuminate\Routing\{closure}(Object(Illuminate\Http\Request))
#19 [internal function]: App\Http\Middleware\RedirectIfAuthenticated->handle(Object(Illuminate\Http\Request), Object(Closure))
#20 G:\Work\web\Xampp\htdocs\gmailtest\vendor\laravel\framework\src\Illuminate\Pipeline\Pipeline.php(136): call_user_func_array(Array, Array)
#21 [internal function]: Illuminate\Pipeline\Pipeline->Illuminate\Pipeline\{closure}(Object(Illuminate\Http\Request))
#22 G:\Work\web\Xampp\htdocs\gmailtest\vendor\laravel\framework\src\Illuminate\Routing\Pipeline.php(32): call_user_func(Object(Closure), Object(Illuminate\Http\Request))
#23 [internal function]: Illuminate\Routing\Pipeline->Illuminate\Routing\{closure}(Object(Illuminate\Http\Request))
#24 G:\Work\web\Xampp\htdocs\gmailtest\vendor\laravel\framework\src\Illuminate\Pipeline\Pipeline.php(103): call_user_func(Object(Closure), Object(Illuminate\Http\Request))
#25 G:\Work\web\Xampp\htdocs\gmailtest\vendor\laravel\framework\src\Illuminate\Routing\ControllerDispatcher.php(96): Illuminate\Pipeline\Pipeline->then(Object(Closure))
#26 G:\Work\web\Xampp\htdocs\gmailtest\vendor\laravel\framework\src\Illuminate\Routing\ControllerDispatcher.php(54): Illuminate\Routing\ControllerDispatcher->callWithinStack(Object(App\Http\Controllers\Auth\AuthController), Object(Illuminate\Routing\Route), Object(Illuminate\Http\Request), 'showLoginForm')
#27 G:\Work\web\Xampp\htdocs\gmailtest\vendor\laravel\framework\src\Illuminate\Routing\Route.php(174): Illuminate\Routing\ControllerDispatcher->dispatch(Object(Illuminate\Routing\Route), Object(Illuminate\Http\Request), 'App\\Http\\Contro...', 'showLoginForm')
#28 G:\Work\web\Xampp\htdocs\gmailtest\vendor\laravel\framework\src\Illuminate\Routing\Route.php(140): Illuminate\Routing\Route->runController(Object(Illuminate\Http\Request))
#29 G:\Work\web\Xampp\htdocs\gmailtest\vendor\laravel\framework\src\Illuminate\Routing\Router.php(724): Illuminate\Routing\Route->run(Object(Illuminate\Http\Request))
#30 [internal function]: Illuminate\Routing\Router->Illuminate\Routing\{closure}(Object(Illuminate\Http\Request))
#31 G:\Work\web\Xampp\htdocs\gmailtest\vendor\laravel\framework\src\Illuminate\Routing\Pipeline.php(52): call_user_func(Object(Closure), Object(Illuminate\Http\Request))
#32 G:\Work\web\Xampp\htdocs\gmailtest\vendor\laravel\framework\src\Illuminate\Foundation\Http\Middleware\VerifyCsrfToken.php(64): Illuminate\Routing\Pipeline->Illuminate\Routing\{closure}(Object(Illuminate\Http\Request))
#33 [internal function]: Illuminate\Foundation\Http\Middleware\VerifyCsrfToken->handle(Object(Illuminate\Http\Request), Object(Closure))
#34 G:\Work\web\Xampp\htdocs\gmailtest\vendor\laravel\framework\src\Illuminate\Pipeline\Pipeline.php(136): call_user_func_array(Array, Array)
#35 [internal function]: Illuminate\Pipeline\Pipeline->Illuminate\Pipeline\{closure}(Object(Illuminate\Http\Request))
#36 G:\Work\web\Xampp\htdocs\gmailtest\vendor\laravel\framework\src\Illuminate\Routing\Pipeline.php(32): call_user_func(Object(Closure), Object(Illuminate\Http\Request))
#37 G:\Work\web\Xampp\htdocs\gmailtest\vendor\laravel\framework\src\Illuminate\View\Middleware\ShareErrorsFromSession.php(49): Illuminate\Routing\Pipeline->Illuminate\Routing\{closure}(Object(Illuminate\Http\Request))
#38 [internal function]: Illuminate\View\Middleware\ShareErrorsFromSession->handle(Object(Illuminate\Http\Request), Object(Closure))
#39 G:\Work\web\Xampp\htdocs\gmailtest\vendor\laravel\framework\src\Illuminate\Pipeline\Pipeline.php(136): call_user_func_array(Array, Array)
#40 [internal function]: Illuminate\Pipeline\Pipeline->Illuminate\Pipeline\{closure}(Object(Illuminate\Http\Request))
#41 G:\Work\web\Xampp\htdocs\gmailtest\vendor\laravel\framework\src\Illuminate\Routing\Pipeline.php(32): call_user_func(Object(Closure), Object(Illuminate\Http\Request))
#42 G:\Work\web\Xampp\htdocs\gmailtest\vendor\laravel\framework\src\Illuminate\Session\Middleware\StartSession.php(64): Illuminate\Routing\Pipeline->Illuminate\Routing\{closure}(Object(Illuminate\Http\Request))
#43 [internal function]: Illuminate\Session\Middleware\StartSession->handle(Object(Illuminate\Http\Request), Object(Closure))
#44 G:\Work\web\Xampp\htdocs\gmailtest\vendor\laravel\framework\src\Illuminate\Pipeline\Pipeline.php(136): call_user_func_array(Array, Array)
#45 [internal function]: Illuminate\Pipeline\Pipeline->Illuminate\Pipeline\{closure}(Object(Illuminate\Http\Request))
#46 G:\Work\web\Xampp\htdocs\gmailtest\vendor\laravel\framework\src\Illuminate\Routing\Pipeline.php(32): call_user_func(Object(Closure), Object(Illuminate\Http\Request))
#47 G:\Work\web\Xampp\htdocs\gmailtest\vendor\laravel\framework\src\Illuminate\Cookie\Middleware\AddQueuedCookiesToResponse.php(37): Illuminate\Routing\Pipeline->Illuminate\Routing\{closure}(Object(Illuminate\Http\Request))
#48 [internal function]: Illuminate\Cookie\Middleware\AddQueuedCookiesToResponse->handle(Object(Illuminate\Http\Request), Object(Closure))
#49 G:\Work\web\Xampp\htdocs\gmailtest\vendor\laravel\framework\src\Illuminate\Pipeline\Pipeline.php(136): call_user_func_array(Array, Array)
#50 [internal function]: Illuminate\Pipeline\Pipeline->Illuminate\Pipeline\{closure}(Object(Illuminate\Http\Request))
#51 G:\Work\web\Xampp\htdocs\gmailtest\vendor\laravel\framework\src\Illuminate\Routing\Pipeline.php(32): call_user_func(Object(Closure), Object(Illuminate\Http\Request))
#52 G:\Work\web\Xampp\htdocs\gmailtest\vendor\laravel\framework\src\Illuminate\Cookie\Middleware\EncryptCookies.php(59): Illuminate\Routing\Pipeline->Illuminate\Routing\{closure}(Object(Illuminate\Http\Request))
#53 [internal function]: Illuminate\Cookie\Middleware\EncryptCookies->handle(Object(Illuminate\Http\Request), Object(Closure))
#54 G:\Work\web\Xampp\htdocs\gmailtest\vendor\laravel\framework\src\Illuminate\Pipeline\Pipeline.php(136): call_user_func_array(Array, Array)
#55 [internal function]: Illuminate\Pipeline\Pipeline->Illuminate\Pipeline\{closure}(Object(Illuminate\Http\Request))
#56 G:\Work\web\Xampp\htdocs\gmailtest\vendor\laravel\framework\src\Illuminate\Routing\Pipeline.php(32): call_user_func(Object(Closure), Object(Illuminate\Http\Request))
#57 [internal function]: Illuminate\Routing\Pipeline->Illuminate\Routing\{closure}(Object(Illuminate\Http\Request))
#58 G:\Work\web\Xampp\htdocs\gmailtest\vendor\laravel\framework\src\Illuminate\Pipeline\Pipeline.php(103): call_user_func(Object(Closure), Object(Illuminate\Http\Request))
#59 G:\Work\web\Xampp\htdocs\gmailtest\vendor\laravel\framework\src\Illuminate\Routing\Router.php(726): Illuminate\Pipeline\Pipeline->then(Object(Closure))
#60 G:\Work\web\Xampp\htdocs\gmailtest\vendor\laravel\framework\src\Illuminate\Routing\Router.php(699): Illuminate\Routing\Router->runRouteWithinStack(Object(Illuminate\Routing\Route), Object(Illuminate\Http\Request))
#61 G:\Work\web\Xampp\htdocs\gmailtest\vendor\laravel\framework\src\Illuminate\Routing\Router.php(675): Illuminate\Routing\Router->dispatchToRoute(Object(Illuminate\Http\Request))
#62 G:\Work\web\Xampp\htdocs\gmailtest\vendor\laravel\framework\src\Illuminate\Foundation\Http\Kernel.php(246): Illuminate\Routing\Router->dispatch(Object(Illuminate\Http\Request))
#63 [internal function]: Illuminate\Foundation\Http\Kernel->Illuminate\Foundation\Http\{closure}(Object(Illuminate\Http\Request))
#64 G:\Work\web\Xampp\htdocs\gmailtest\vendor\laravel\framework\src\Illuminate\Routing\Pipeline.php(52): call_user_func(Object(Closure), Object(Illuminate\Http\Request))
#65 G:\Work\web\Xampp\htdocs\gmailtest\vendor\laravel\framework\src\Illuminate\Foundation\Http\Middleware\CheckForMaintenanceMode.php(44): Illuminate\Routing\Pipeline->Illuminate\Routing\{closure}(Object(Illuminate\Http\Request))
#66 [internal function]: Illuminate\Foundation\Http\Middleware\CheckForMaintenanceMode->handle(Object(Illuminate\Http\Request), Object(Closure))
#67 G:\Work\web\Xampp\htdocs\gmailtest\vendor\laravel\framework\src\Illuminate\Pipeline\Pipeline.php(136): call_user_func_array(Array, Array)
#68 [internal function]: Illuminate\Pipeline\Pipeline->Illuminate\Pipeline\{closure}(Object(Illuminate\Http\Request))
#69 G:\Work\web\Xampp\htdocs\gmailtest\vendor\laravel\framework\src\Illuminate\Routing\Pipeline.php(32): call_user_func(Object(Closure), Object(Illuminate\Http\Request))
#70 [internal function]: Illuminate\Routing\Pipeline->Illuminate\Routing\{closure}(Object(Illuminate\Http\Request))
#71 G:\Work\web\Xampp\htdocs\gmailtest\vendor\laravel\framework\src\Illuminate\Pipeline\Pipeline.php(103): call_user_func(Object(Closure), Object(Illuminate\Http\Request))
#72 G:\Work\web\Xampp\htdocs\gmailtest\vendor\laravel\framework\src\Illuminate\Foundation\Http\Kernel.php(132): Illuminate\Pipeline\Pipeline->then(Object(Closure))
#73 G:\Work\web\Xampp\htdocs\gmailtest\vendor\laravel\framework\src\Illuminate\Foundation\Http\Kernel.php(99): Illuminate\Foundation\Http\Kernel->sendRequestThroughRouter(Object(Illuminate\Http\Request))
#74 G:\Work\web\Xampp\htdocs\gmailtest\public\index.php(54): Illuminate\Foundation\Http\Kernel->handle(Object(Illuminate\Http\Request))
#75 G:\Work\web\Xampp\htdocs\gmailtest\server.php(21): require_once('G:\\Work\\web\\Xam...')
#76 {main}  
[2016-10-31 00:01:05] local.ERROR: exception 'ErrorException' with message 'file_put_contents(G:\Work\web\Xampp\htdocs\gmailtest\storage\framework/sessions/7e17a1a44297a0eaf28ca1a701cca2ab27688384): failed to open stream: No such file or directory' in G:\Work\web\Xampp\htdocs\gmailtest\vendor\laravel\framework\src\Illuminate\Filesystem\Filesystem.php:111
Stack trace:
#0 [internal function]: Illuminate\Foundation\Bootstrap\HandleExceptions->handleError(2, 'file_put_conten...', 'G:\\Work\\web\\Xam...', 111, Array)
#1 G:\Work\web\Xampp\htdocs\gmailtest\vendor\laravel\framework\src\Illuminate\Filesystem\Filesystem.php(111): file_put_contents('G:\\Work\\web\\Xam...', 'a:4:{s:6:"_toke...', 2)
#2 G:\Work\web\Xampp\htdocs\gmailtest\vendor\laravel\framework\src\Illuminate\Session\FileSessionHandler.php(83): Illuminate\Filesystem\Filesystem->put('G:\\Work\\web\\Xam...', 'a:4:{s:6:"_toke...', true)
#3 G:\Work\web\Xampp\htdocs\gmailtest\vendor\laravel\framework\src\Illuminate\Session\Store.php(262): Illuminate\Session\FileSessionHandler->write('7e17a1a44297a0e...', 'a:4:{s:6:"_toke...')
#4 G:\Work\web\Xampp\htdocs\gmailtest\vendor\laravel\framework\src\Illuminate\Session\Middleware\StartSession.php(88): Illuminate\Session\Store->save()
#5 G:\Work\web\Xampp\htdocs\gmailtest\vendor\laravel\framework\src\Illuminate\Foundation\Http\Kernel.php(155): Illuminate\Session\Middleware\StartSession->terminate(Object(Illuminate\Http\Request), Object(Illuminate\Http\Response))
#6 G:\Work\web\Xampp\htdocs\gmailtest\public\index.php(58): Illuminate\Foundation\Http\Kernel->terminate(Object(Illuminate\Http\Request), Object(Illuminate\Http\Response))
#7 G:\Work\web\Xampp\htdocs\gmailtest\server.php(21): require_once('G:\\Work\\web\\Xam...')
#8 {main}  
